<?xml version="1.0" encoding="UTF-8"?>
<testsuite name="br.edu.uniara.lpi2.rest.EmployeeControllerTest" tests="8" skipped="0" failures="0" errors="0" timestamp="2024-05-21T00:10:01" hostname="VITOR-FACCIO" time="1.555">
  <properties/>
  <testcase name="testOneEmployeeNotFound()" classname="br.edu.uniara.lpi2.rest.EmployeeControllerTest" time="1.472"/>
  <testcase name="testDeleteEmployeeNotFound()" classname="br.edu.uniara.lpi2.rest.EmployeeControllerTest" time="0.007"/>
  <testcase name="testUpdateEmployeeNotFound()" classname="br.edu.uniara.lpi2.rest.EmployeeControllerTest" time="0.008"/>
  <testcase name="testOneEmployeeFound()" classname="br.edu.uniara.lpi2.rest.EmployeeControllerTest" time="0.008"/>
  <testcase name="testDeleteEmployeeFound()" classname="br.edu.uniara.lpi2.rest.EmployeeControllerTest" time="0.006"/>
  <testcase name="testAllEmployees()" classname="br.edu.uniara.lpi2.rest.EmployeeControllerTest" time="0.017"/>
  <testcase name="testUpdateEmployeeFound()" classname="br.edu.uniara.lpi2.rest.EmployeeControllerTest" time="0.011"/>
  <testcase name="testInsertEmployee()" classname="br.edu.uniara.lpi2.rest.EmployeeControllerTest" time="0.006"/>
  <system-out><![CDATA[]]></system-out>
  <system-err><![CDATA[WARNING: A Java agent has been loaded dynamically (C:\Users\vitor\.gradle\caches\modules-2\files-2.1\net.bytebuddy\byte-buddy-agent\1.14.12\be4984cb6fd1ef1d11f218a648889dfda44b8a15\byte-buddy-agent-1.14.12.jar)
WARNING: If a serviceability tool is in use, please run with -XX:+EnableDynamicAgentLoading to hide this warning
WARNING: If a serviceability tool is not in use, please run with -Djdk.instrument.traceUsage for more information
WARNING: Dynamic loading of agents will be disallowed by default in a future release
]]></system-err>
</testsuite>
